<?xml version="1.0" encoding="UTF-8"?>
<testng-results skipped="0" failed="0" total="1" passed="1">
  <reporter-output>
  </reporter-output>
  <suite name="Default suite" duration-ms="40283" started-at="2019-06-18T07:07:47Z" finished-at="2019-06-18T07:08:28Z">
    <groups>
    </groups>
    <test name="Default test" duration-ms="40283" started-at="2019-06-18T07:07:47Z" finished-at="2019-06-18T07:08:28Z">
      <class name="com.training.sanity.tests.ThirdTestCase">
        <test-method status="PASS" signature="setUpBeforeClass()[pri:0, instance:com.training.sanity.tests.ThirdTestCase@5a01ccaa]" name="setUpBeforeClass" is-config="true" duration-ms="54" started-at="2019-06-18T12:37:47Z" finished-at="2019-06-18T12:37:47Z">
          <reporter-output>
          </reporter-output>
        </test-method> <!-- setUpBeforeClass -->
        <test-method status="PASS" signature="setUp()[pri:0, instance:com.training.sanity.tests.ThirdTestCase@5a01ccaa]" name="setUp" is-config="true" duration-ms="19940" started-at="2019-06-18T12:37:47Z" finished-at="2019-06-18T12:38:07Z">
          <reporter-output>
          </reporter-output>
        </test-method> <!-- setUp -->
        <test-method status="PASS" signature="ThirdTestcase()[pri:0, instance:com.training.sanity.tests.ThirdTestCase@5a01ccaa]" name="ThirdTestcase" duration-ms="17610" started-at="2019-06-18T12:38:07Z" finished-at="2019-06-18T12:38:25Z">
          <reporter-output>
          </reporter-output>
        </test-method> <!-- ThirdTestcase -->
        <test-method status="PASS" signature="tearDown()[pri:0, instance:com.training.sanity.tests.ThirdTestCase@5a01ccaa]" name="tearDown" is-config="true" duration-ms="2617" started-at="2019-06-18T12:38:25Z" finished-at="2019-06-18T12:38:28Z">
          <reporter-output>
          </reporter-output>
        </test-method> <!-- tearDown -->
      </class> <!-- com.training.sanity.tests.ThirdTestCase -->
    </test> <!-- Default test -->
  </suite> <!-- Default suite -->
</testng-results>
